[ ERROR] [2017-06-14 10:39:34] com.tiza.protocol.jt808.Jt808DataProcess[75] - 校验位验证失败，指令[7E 01 04 00 15 06 48 32 46 43 09 00 7D 01 00 01 01 00 00 00 13 0D 32 31 38 2E 33 2E 32 34 37 2E 32 32 37 23 7E]
[ ERROR] [2017-06-14 11:44:27] org.quartz.core.JobRunShell[211] - Job DEFAULT.msgSenderJobDetail threw an unhandled Exception: 
org.springframework.scheduling.quartz.JobMethodInvocationFailedException: Invocation of method 'execute' on target class [class com.tiza.util.task.impl.MSGSenderTask] failed; nested exception is org.springframework.beans.factory.NoSuchBeanDefinitionException: No bean named 'dBClient' is defined
	at org.springframework.scheduling.quartz.MethodInvokingJobDetailFactoryBean$MethodInvokingJob.executeInternal(MethodInvokingJobDetailFactoryBean.java:266)
	at org.springframework.scheduling.quartz.QuartzJobBean.execute(QuartzJobBean.java:75)
	at org.quartz.core.JobRunShell.run(JobRunShell.java:202)
	at org.quartz.simpl.SimpleThreadPool$WorkerThread.run(SimpleThreadPool.java:573)
Caused by: org.springframework.beans.factory.NoSuchBeanDefinitionException: No bean named 'dBClient' is defined
	at org.springframework.beans.factory.support.DefaultListableBeanFactory.getBeanDefinition(DefaultListableBeanFactory.java:698)
	at org.springframework.beans.factory.support.AbstractBeanFactory.getMergedLocalBeanDefinition(AbstractBeanFactory.java:1175)
	at org.springframework.beans.factory.support.AbstractBeanFactory.doGetBean(AbstractBeanFactory.java:284)
	at org.springframework.beans.factory.support.AbstractBeanFactory.getBean(AbstractBeanFactory.java:197)
	at org.springframework.context.support.AbstractApplicationContext.getBean(AbstractApplicationContext.java:1054)
	at com.tiza.util.SpringUtil.getBean(SpringUtil.java:50)
	at com.tiza.util.CommonUtil.dealToDb(CommonUtil.java:343)
	at com.tiza.util.task.impl.MSGSenderTask.execute(MSGSenderTask.java:86)
	at sun.reflect.GeneratedMethodAccessor5.invoke(Unknown Source)
	at sun.reflect.DelegatingMethodAccessorImpl.invoke(DelegatingMethodAccessorImpl.java:43)
	at java.lang.reflect.Method.invoke(Method.java:606)
	at org.springframework.util.MethodInvoker.invoke(MethodInvoker.java:269)
	at org.springframework.scheduling.quartz.MethodInvokingJobDetailFactoryBean$MethodInvokingJob.executeInternal(MethodInvokingJobDetailFactoryBean.java:257)
	... 3 common frames omitted
[ ERROR] [2017-06-14 11:44:27] org.quartz.core.ErrorLogger[2425] - Job (DEFAULT.msgSenderJobDetail threw an exception.
org.quartz.SchedulerException: Job threw an unhandled exception.
	at org.quartz.core.JobRunShell.run(JobRunShell.java:213)
	at org.quartz.simpl.SimpleThreadPool$WorkerThread.run(SimpleThreadPool.java:573)
Caused by: org.springframework.scheduling.quartz.JobMethodInvocationFailedException: Invocation of method 'execute' on target class [class com.tiza.util.task.impl.MSGSenderTask] failed; nested exception is org.springframework.beans.factory.NoSuchBeanDefinitionException: No bean named 'dBClient' is defined
	at org.springframework.scheduling.quartz.MethodInvokingJobDetailFactoryBean$MethodInvokingJob.executeInternal(MethodInvokingJobDetailFactoryBean.java:266)
	at org.springframework.scheduling.quartz.QuartzJobBean.execute(QuartzJobBean.java:75)
	at org.quartz.core.JobRunShell.run(JobRunShell.java:202)
	... 1 common frames omitted
Caused by: org.springframework.beans.factory.NoSuchBeanDefinitionException: No bean named 'dBClient' is defined
	at org.springframework.beans.factory.support.DefaultListableBeanFactory.getBeanDefinition(DefaultListableBeanFactory.java:698)
	at org.springframework.beans.factory.support.AbstractBeanFactory.getMergedLocalBeanDefinition(AbstractBeanFactory.java:1175)
	at org.springframework.beans.factory.support.AbstractBeanFactory.doGetBean(AbstractBeanFactory.java:284)
	at org.springframework.beans.factory.support.AbstractBeanFactory.getBean(AbstractBeanFactory.java:197)
	at org.springframework.context.support.AbstractApplicationContext.getBean(AbstractApplicationContext.java:1054)
	at com.tiza.util.SpringUtil.getBean(SpringUtil.java:50)
	at com.tiza.util.CommonUtil.dealToDb(CommonUtil.java:343)
	at com.tiza.util.task.impl.MSGSenderTask.execute(MSGSenderTask.java:86)
	at sun.reflect.GeneratedMethodAccessor5.invoke(Unknown Source)
	at sun.reflect.DelegatingMethodAccessorImpl.invoke(DelegatingMethodAccessorImpl.java:43)
	at java.lang.reflect.Method.invoke(Method.java:606)
	at org.springframework.util.MethodInvoker.invoke(MethodInvoker.java:269)
	at org.springframework.scheduling.quartz.MethodInvokingJobDetailFactoryBean$MethodInvokingJob.executeInternal(MethodInvokingJobDetailFactoryBean.java:257)
	... 3 common frames omitted
[ ERROR] [2017-06-14 11:46:14] org.quartz.core.JobRunShell[211] - Job DEFAULT.msgSenderJobDetail threw an unhandled Exception: 
org.springframework.scheduling.quartz.JobMethodInvocationFailedException: Invocation of method 'execute' on target class [class com.tiza.util.task.impl.MSGSenderTask] failed; nested exception is org.springframework.beans.factory.NoSuchBeanDefinitionException: No bean named 'dBClient' is defined
	at org.springframework.scheduling.quartz.MethodInvokingJobDetailFactoryBean$MethodInvokingJob.executeInternal(MethodInvokingJobDetailFactoryBean.java:266)
	at org.springframework.scheduling.quartz.QuartzJobBean.execute(QuartzJobBean.java:75)
	at org.quartz.core.JobRunShell.run(JobRunShell.java:202)
	at org.quartz.simpl.SimpleThreadPool$WorkerThread.run(SimpleThreadPool.java:573)
Caused by: org.springframework.beans.factory.NoSuchBeanDefinitionException: No bean named 'dBClient' is defined
	at org.springframework.beans.factory.support.DefaultListableBeanFactory.getBeanDefinition(DefaultListableBeanFactory.java:698)
	at org.springframework.beans.factory.support.AbstractBeanFactory.getMergedLocalBeanDefinition(AbstractBeanFactory.java:1175)
	at org.springframework.beans.factory.support.AbstractBeanFactory.doGetBean(AbstractBeanFactory.java:284)
	at org.springframework.beans.factory.support.AbstractBeanFactory.getBean(AbstractBeanFactory.java:197)
	at org.springframework.context.support.AbstractApplicationContext.getBean(AbstractApplicationContext.java:1054)
	at com.tiza.util.SpringUtil.getBean(SpringUtil.java:50)
	at com.tiza.util.CommonUtil.dealToDb(CommonUtil.java:343)
	at com.tiza.util.task.impl.MSGSenderTask.execute(MSGSenderTask.java:86)
	at sun.reflect.NativeMethodAccessorImpl.invoke0(Native Method)
	at sun.reflect.NativeMethodAccessorImpl.invoke(NativeMethodAccessorImpl.java:57)
	at sun.reflect.DelegatingMethodAccessorImpl.invoke(DelegatingMethodAccessorImpl.java:43)
	at java.lang.reflect.Method.invoke(Method.java:606)
	at org.springframework.util.MethodInvoker.invoke(MethodInvoker.java:269)
	at org.springframework.scheduling.quartz.MethodInvokingJobDetailFactoryBean$MethodInvokingJob.executeInternal(MethodInvokingJobDetailFactoryBean.java:257)
	... 3 common frames omitted
[ ERROR] [2017-06-14 11:46:14] org.quartz.core.ErrorLogger[2425] - Job (DEFAULT.msgSenderJobDetail threw an exception.
org.quartz.SchedulerException: Job threw an unhandled exception.
	at org.quartz.core.JobRunShell.run(JobRunShell.java:213)
	at org.quartz.simpl.SimpleThreadPool$WorkerThread.run(SimpleThreadPool.java:573)
Caused by: org.springframework.scheduling.quartz.JobMethodInvocationFailedException: Invocation of method 'execute' on target class [class com.tiza.util.task.impl.MSGSenderTask] failed; nested exception is org.springframework.beans.factory.NoSuchBeanDefinitionException: No bean named 'dBClient' is defined
	at org.springframework.scheduling.quartz.MethodInvokingJobDetailFactoryBean$MethodInvokingJob.executeInternal(MethodInvokingJobDetailFactoryBean.java:266)
	at org.springframework.scheduling.quartz.QuartzJobBean.execute(QuartzJobBean.java:75)
	at org.quartz.core.JobRunShell.run(JobRunShell.java:202)
	... 1 common frames omitted
Caused by: org.springframework.beans.factory.NoSuchBeanDefinitionException: No bean named 'dBClient' is defined
	at org.springframework.beans.factory.support.DefaultListableBeanFactory.getBeanDefinition(DefaultListableBeanFactory.java:698)
	at org.springframework.beans.factory.support.AbstractBeanFactory.getMergedLocalBeanDefinition(AbstractBeanFactory.java:1175)
	at org.springframework.beans.factory.support.AbstractBeanFactory.doGetBean(AbstractBeanFactory.java:284)
	at org.springframework.beans.factory.support.AbstractBeanFactory.getBean(AbstractBeanFactory.java:197)
	at org.springframework.context.support.AbstractApplicationContext.getBean(AbstractApplicationContext.java:1054)
	at com.tiza.util.SpringUtil.getBean(SpringUtil.java:50)
	at com.tiza.util.CommonUtil.dealToDb(CommonUtil.java:343)
	at com.tiza.util.task.impl.MSGSenderTask.execute(MSGSenderTask.java:86)
	at sun.reflect.NativeMethodAccessorImpl.invoke0(Native Method)
	at sun.reflect.NativeMethodAccessorImpl.invoke(NativeMethodAccessorImpl.java:57)
	at sun.reflect.DelegatingMethodAccessorImpl.invoke(DelegatingMethodAccessorImpl.java:43)
	at java.lang.reflect.Method.invoke(Method.java:606)
	at org.springframework.util.MethodInvoker.invoke(MethodInvoker.java:269)
	at org.springframework.scheduling.quartz.MethodInvokingJobDetailFactoryBean$MethodInvokingJob.executeInternal(MethodInvokingJobDetailFactoryBean.java:257)
	... 3 common frames omitted
[ ERROR] [2017-06-14 15:17:55] com.tiza.util.thread.SqlProcess[103] - SQL错误！[update TRACTOR.LOG_GPSINSTRUCTION set RESULTSTATUS=1 , RESPONSETIME=date_format('2017-06-14 15:17:55' , '%Y-%m-%d %H:%i:%s') , RESPONSEDATA='218.3.247.227' where ID=189], StatementCallback; bad SQL grammar [update TRACTOR.LOG_GPSINSTRUCTION set RESULTSTATUS=1 , RESPONSETIME=date_format('2017-06-14 15:17:55' , '%Y-%m-%d %H:%i:%s') , RESPONSEDATA='218.3.247.227' where ID=189]; nested exception is java.sql.SQLSyntaxErrorException: ORA-00904: "DATE_FORMAT": 标识符无效

